Log file open, 03/17/20 19:19:05
LogWindows: Failed to load 'aqProf.dll' (GetLastError=126)
LogWindows: File 'aqProf.dll' does not exist
LogWindows: Failed to load 'VtuneApi.dll' (GetLastError=126)
LogWindows: File 'VtuneApi.dll' does not exist
LogWindows: Failed to load 'VtuneApi32e.dll' (GetLastError=126)
LogWindows: File 'VtuneApi32e.dll' does not exist
LogConsoleResponse: Display: Failed to find resolution value strings in scalability ini. Falling back to default.
LogInit: Display: Running engine for game: MyProject
LogPlatformFile: Not using cached read wrapper
LogTaskGraph: Started task graph with 5 named threads and 14 total threads with 3 sets of task threads.
LogStats: Stats thread started at 0.057621
LogD3D11RHI: Loaded GFSDK_Aftermath_Lib.x64.dll
LogICUInternationalization: ICU TimeZone Detection - Raw Offset: -7:00, Platform Override: ''
LogPluginManager: Mounting plugin Paper2D
LogPluginManager: Mounting plugin AISupport
LogPluginManager: Mounting plugin LightPropagationVolume
LogPluginManager: Mounting plugin ActorLayerUtilities
LogPluginManager: Mounting plugin AnimationSharing
LogPluginManager: Mounting plugin CLionSourceCodeAccess
LogPluginManager: Mounting plugin CodeLiteSourceCodeAccess
LogPluginManager: Mounting plugin GitSourceControl
LogPluginManager: Mounting plugin KDevelopSourceCodeAccess
LogPluginManager: Mounting plugin NullSourceCodeAccess
LogPluginManager: Mounting plugin PerforceSourceControl
LogPluginManager: Mounting plugin SubversionSourceControl
LogPluginManager: Mounting plugin UObjectPlugin
LogPluginManager: Mounting plugin VisualStudioCodeSourceCodeAccess
LogPluginManager: Mounting plugin VisualStudioSourceCodeAccess
LogPluginManager: Mounting plugin XCodeSourceCodeAccess
LogPluginManager: Mounting plugin AssetManagerEditor
LogPluginManager: Mounting plugin CryptoKeys
LogPluginManager: Mounting plugin CurveEditorTools
LogPluginManager: Mounting plugin DataValidation
LogPluginManager: Mounting plugin EditorScriptingUtilities
LogPluginManager: Mounting plugin FacialAnimation
LogPluginManager: Mounting plugin GameplayTagsEditor
LogPluginManager: Mounting plugin GLTFImporter
LogPluginManager: Mounting plugin MacGraphicsSwitching
LogPluginManager: Mounting plugin MaterialAnalyzer
LogPluginManager: Mounting plugin MeshEditor
LogPluginManager: Mounting plugin MobileLauncherProfileWizard
LogPluginManager: Mounting plugin PluginBrowser
LogPluginManager: Mounting plugin SpeedTreeImporter
LogPluginManager: Mounting plugin DatasmithContent
LogPluginManager: Mounting plugin VariantManagerContent
LogPluginManager: Mounting plugin AlembicImporter
LogPluginManager: Mounting plugin AutomationUtils
LogPluginManager: Mounting plugin BackChannel
LogPluginManager: Mounting plugin BlastPlugin
LogPluginManager: Mounting plugin ChaosSolverPlugin
LogPluginManager: Mounting plugin CharacterAI
LogPluginManager: Mounting plugin DataPrepEditor
LogPluginManager: Mounting plugin GeometryCache
LogPluginManager: Mounting plugin GeometryCollectionPlugin
LogPluginManager: Mounting plugin HTML5Networking
LogPluginManager: Mounting plugin PlatformCrypto
LogPluginManager: Mounting plugin ProxyLODPlugin
LogPluginManager: Mounting plugin SkeletalReduction
LogPluginManager: Mounting plugin MagicLeap
LogPluginManager: Mounting plugin MagicLeapMedia
LogPluginManager: Mounting plugin AndroidMedia
LogPluginManager: Mounting plugin AvfMedia
LogPluginManager: Mounting plugin ImgMedia
LogPluginManager: Mounting plugin MediaCompositing
LogPluginManager: Mounting plugin MediaPlayerEditor
LogPluginManager: Mounting plugin WebMMedia
LogPluginManager: Mounting plugin WmfMedia
LogPluginManager: Mounting plugin TcpMessaging
LogPluginManager: Mounting plugin UdpMessaging
LogPluginManager: Mounting plugin ActorSequence
LogPluginManager: Mounting plugin LevelSequenceEditor
LogPluginManager: Mounting plugin MatineeToLevelSequence
LogPluginManager: Mounting plugin NetcodeUnitTest
LogPluginManager: Mounting plugin NUTUnrealEngine4
LogPluginManager: Mounting plugin OnlineSubsystemGooglePlay
LogPluginManager: Mounting plugin OnlineSubsystemIOS
LogPluginManager: Mounting plugin OnlineSubsystem
LogPluginManager: Mounting plugin OnlineSubsystemNull
LogPluginManager: Mounting plugin OnlineSubsystemUtils
LogPluginManager: Mounting plugin LauncherChunkInstaller
LogPluginManager: Mounting plugin AndroidDeviceProfileSelector
LogPluginManager: Mounting plugin AndroidMoviePlayer
LogPluginManager: Mounting plugin AndroidPermission
LogPluginManager: Mounting plugin AppleImageUtils
LogPluginManager: Mounting plugin AppleMoviePlayer
LogPluginManager: Mounting plugin ArchVisCharacter
LogPluginManager: Mounting plugin AudioCapture
LogPluginManager: Mounting plugin CableComponent
LogPluginManager: Mounting plugin CustomMeshComponent
LogPluginManager: Mounting plugin EditableMesh
LogPluginManager: Mounting plugin ExampleDeviceProfileSelector
LogPluginManager: Mounting plugin GoogleCloudMessaging
LogPluginManager: Mounting plugin IOSDeviceProfileSelector
LogPluginManager: Mounting plugin LinuxDeviceProfileSelector
LogPluginManager: Mounting plugin LocationServicesBPLibrary
LogPluginManager: Mounting plugin MobilePatchingUtils
LogPluginManager: Mounting plugin OculusVR
LogPluginManager: Mounting plugin PhysXVehicles
LogPluginManager: Mounting plugin ProceduralMeshComponent
LogPluginManager: Mounting plugin RuntimePhysXCooking
LogPluginManager: Mounting plugin SignificanceManager
LogPluginManager: Mounting plugin SteamVR
LogPluginManager: Mounting plugin WebMMoviePlayer
LogPluginManager: Mounting plugin WindowsMoviePlayer
LogPluginManager: Mounting plugin ScreenshotTools
LogPluginManager: Mounting plugin DatasmithC4DImporter
LogPluginManager: Mounting plugin DatasmithCADImporter
LogPluginManager: Mounting plugin DatasmithFBXImporter
LogPluginManager: Mounting plugin DatasmithGLTFImporter
LogPluginManager: Mounting plugin DatasmithIFCImporter
LogPluginManager: Mounting plugin DatasmithImporter
LogPluginManager: Mounting plugin MDLImporter
LogPluginManager: Mounting plugin StaticMeshEditorExtension
LogPluginManager: Mounting plugin VariantManager
LogInit: Using libcurl 7.55.1-DEV
LogInit:  - built for x86_64-pc-win32
LogInit:  - supports SSL with OpenSSL/1.1.1
LogInit:  - supports HTTP deflate (compression) using libz 1.2.8
LogInit:  - other features:
LogInit:      CURL_VERSION_SSL
LogInit:      CURL_VERSION_LIBZ
LogInit:      CURL_VERSION_IPV6
LogInit:      CURL_VERSION_ASYNCHDNS
LogInit:      CURL_VERSION_LARGEFILE
LogInit:      CURL_VERSION_IDN
LogInit:  CurlRequestOptions (configurable via config and command line):
LogInit:  - bVerifyPeer = true  - Libcurl will verify peer certificate
LogInit:  - bUseHttpProxy = false  - Libcurl will NOT use HTTP proxy
LogInit:  - bDontReuseConnections = false  - Libcurl will reuse connections
LogInit:  - MaxHostConnections = 16  - Libcurl will limit the number of connections to a host
LogInit:  - LocalHostAddr = Default
LogInit:  - BufferSize = 65536
LogOnline: OSS: Creating online subsystem instance for: NULL
LogInit: WinSock: version 1.1 (2.2), MaxSocks=32767, MaxUdp=65467
LogInit: Build: ++UE4+Release-4.23-CL-9631420
LogInit: Engine Version: 4.23.1-9631420+++UE4+Release-4.23
LogInit: Compatible Engine Version: 4.23.0-8386587+++UE4+Release-4.23
LogInit: Net CL: 8386587
LogInit: OS: Windows 10 (Release 1903) (), CPU: Intel(R) Core(TM) i5-7600K CPU @ 3.80GHz, GPU: NVIDIA GeForce GTX 1070 Ti
LogInit: Compiled (64-bit): Oct 18 2019 02:07:44
LogInit: Compiled with Visual C++: 19.16.27030.01
LogInit: Build Configuration: Development
LogInit: Branch Name: ++UE4+Release-4.23
LogInit: Command Line: 
LogInit: Base Directory: C:/Program Files/Epic Games/UE_4.23/Engine/Binaries/Win64/
LogInit: Installed Engine Build: 1
LogDevObjectVersion: Number of dev versions registered: 23
LogDevObjectVersion:   Dev-Blueprints (B0D832E4-1F89-4F0D-ACCF-7EB736FD4AA2): 10
LogDevObjectVersion:   Dev-Build (E1C64328-A22C-4D53-A36C-8E866417BD8C): 0
LogDevObjectVersion:   Dev-Core (375EC13C-06E4-48FB-B500-84F0262A717E): 3
LogDevObjectVersion:   Dev-Editor (E4B068ED-F494-42E9-A231-DA0B2E46BB41): 34
LogDevObjectVersion:   Dev-Framework (CFFC743F-43B0-4480-9391-14DF171D2073): 35
LogDevObjectVersion:   Dev-Mobile (B02B49B5-BB20-44E9-A304-32B752E40360): 2
LogDevObjectVersion:   Dev-Networking (A4E4105C-59A1-49B5-A7C5-40C4547EDFEE): 0
LogDevObjectVersion:   Dev-Online (39C831C9-5AE6-47DC-9A44-9C173E1C8E7C): 0
LogDevObjectVersion:   Dev-Physics (78F01B33-EBEA-4F98-B9B4-84EACCB95AA2): 0
LogDevObjectVersion:   Dev-Platform (6631380F-2D4D-43E0-8009-CF276956A95A): 0
LogDevObjectVersion:   Dev-Rendering (12F88B9F-8875-4AFC-A67C-D90C383ABD29): 31
LogDevObjectVersion:   Dev-Sequencer (7B5AE74C-D270-4C10-A958-57980B212A5A): 11
LogDevObjectVersion:   Dev-VR (D7296918-1DD6-4BDD-9DE2-64A83CC13884): 2
LogDevObjectVersion:   Dev-LoadTimes (C2A15278-BFE7-4AFE-6C17-90FF531DF755): 1
LogDevObjectVersion:   Private-Geometry (6EACA3D4-40EC-4CC1-B786-8BED09428FC5): 3
LogDevObjectVersion:   Dev-AnimPhys (29E575DD-E0A3-4627-9D10-D276232CDCEA): 17
LogDevObjectVersion:   Dev-Anim (AF43A65D-7FD3-4947-9873-3E8ED9C1BB05): 2
LogDevObjectVersion:   Dev-ReflectionCapture (6B266CEC-1EC7-4B8F-A30B-E4D90942FC07): 1
LogDevObjectVersion:   Dev-Automation (0DF73D61-A23F-47EA-B727-89E90C41499A): 1
LogDevObjectVersion:   FortniteMain (601D1886-AC64-4F84-AA16-D3DE0DEAC7D6): 27
LogDevObjectVersion:   Dev-Enterprise (9DFFBCD6-494F-0158-E221-12823C92A888): 6
LogDevObjectVersion:   Dev-Niagara (F2AED0AC-9AFE-416F-8664-AA7FFA26D6FC): 1
LogDevObjectVersion:   Dev-Destruction (174F1F0B-B4C6-45A5-B13F-2EE8D0FB917D): 9
LogInit: Presizing for max 16777216 objects, including 0 objects not considered by GC, pre-allocating 0 bytes for permanent pool.
LogInit: Object subsystem initialized
LogConfig: Setting CVar [[con.DebugEarlyDefault:1]]
LogConfig: Setting CVar [[r.setres:1280x720]]
[2020.03.18-01.19.05:855][  0]LogConfig: Setting CVar [[r.VSync:0]]
[2020.03.18-01.19.05:855][  0]LogConfig: Setting CVar [[r.RHICmdBypass:0]]
[2020.03.18-01.19.05:855][  0]LogConfig: Applying CVar settings from Section [/Script/Engine.RendererSettings] File [C:/Users/lukas/Documents/GitHub/-Machinima-2020/MyProject/Saved/Config/Windows/Engine.ini]
[2020.03.18-01.19.05:855][  0]LogConfig: Setting CVar [[r.GPUCrashDebugging:0]]
[2020.03.18-01.19.05:855][  0]LogConfig: Applying CVar settings from Section [/Script/Engine.RendererOverrideSettings] File [C:/Users/lukas/Documents/GitHub/-Machinima-2020/MyProject/Saved/Config/Windows/Engine.ini]
[2020.03.18-01.19.05:855][  0]LogConfig: Applying CVar settings from Section [/Script/Engine.StreamingSettings] File [C:/Users/lukas/Documents/GitHub/-Machinima-2020/MyProject/Saved/Config/Windows/Engine.ini]
[2020.03.18-01.19.05:855][  0]LogConfig: Setting CVar [[s.MinBulkDataSizeForAsyncLoading:131072]]
[2020.03.18-01.19.05:855][  0]LogConfig: Setting CVar [[s.AsyncLoadingThreadEnabled:0]]
[2020.03.18-01.19.05:855][  0]LogConfig: Setting CVar [[s.EventDrivenLoaderEnabled:1]]
[2020.03.18-01.19.05:855][  0]LogConfig: Setting CVar [[s.WarnIfTimeLimitExceeded:0]]
[2020.03.18-01.19.05:855][  0]LogConfig: Setting CVar [[s.TimeLimitExceededMultiplier:1.5]]
[2020.03.18-01.19.05:855][  0]LogConfig: Setting CVar [[s.TimeLimitExceededMinTime:0.005]]
[2020.03.18-01.19.05:855][  0]LogConfig: Setting CVar [[s.UseBackgroundLevelStreaming:1]]
[2020.03.18-01.19.05:855][  0]LogConfig: Setting CVar [[s.PriorityAsyncLoadingExtraTime:15.0]]
[2020.03.18-01.19.05:855][  0]LogConfig: Setting CVar [[s.LevelStreamingActorsUpdateTimeLimit:5.0]]
[2020.03.18-01.19.05:855][  0]LogConfig: Setting CVar [[s.PriorityLevelStreamingActorsUpdateExtraTime:5.0]]
[2020.03.18-01.19.05:855][  0]LogConfig: Setting CVar [[s.LevelStreamingComponentsRegistrationGranularity:10]]
[2020.03.18-01.19.05:855][  0]LogConfig: Setting CVar [[s.UnregisterComponentsTimeLimit:1.0]]
[2020.03.18-01.19.05:855][  0]LogConfig: Setting CVar [[s.LevelStreamingComponentsUnregistrationGranularity:5]]
[2020.03.18-01.19.05:855][  0]LogConfig: Applying CVar settings from Section [/Script/Engine.GarbageCollectionSettings] File [C:/Users/lukas/Documents/GitHub/-Machinima-2020/MyProject/Saved/Config/Windows/Engine.ini]
[2020.03.18-01.19.05:855][  0]LogConfig: Setting CVar [[gc.MaxObjectsNotConsideredByGC:1]]
[2020.03.18-01.19.05:855][  0]LogConfig: Setting CVar [[gc.SizeOfPermanentObjectPool:0]]
[2020.03.18-01.19.05:855][  0]LogConfig: Setting CVar [[gc.FlushStreamingOnGC:0]]
[2020.03.18-01.19.05:855][  0]LogConfig: Setting CVar [[gc.NumRetriesBeforeForcingGC:10]]
[2020.03.18-01.19.05:855][  0]LogConfig: Setting CVar [[gc.AllowParallelGC:1]]
[2020.03.18-01.19.05:855][  0]LogConfig: Setting CVar [[gc.TimeBetweenPurgingPendingKillObjects:61.1]]
[2020.03.18-01.19.05:855][  0]LogConfig: Setting CVar [[gc.MaxObjectsInEditor:16777216]]
[2020.03.18-01.19.05:855][  0]LogConfig: Setting CVar [[gc.IncrementalBeginDestroyEnabled:1]]
[2020.03.18-01.19.05:855][  0]LogConfig: Setting CVar [[gc.CreateGCClusters:1]]
[2020.03.18-01.19.05:855][  0]LogConfig: Setting CVar [[gc.MinGCClusterSize:5]]
[2020.03.18-01.19.05:855][  0]LogConfig: Setting CVar [[gc.ActorClusteringEnabled:0]]
[2020.03.18-01.19.05:855][  0]LogConfig: Setting CVar [[gc.BlueprintClusteringEnabled:0]]
[2020.03.18-01.19.05:855][  0]LogConfig: Setting CVar [[gc.UseDisregardForGCOnDedicatedServers:0]]
[2020.03.18-01.19.05:855][  0]LogConfig: Applying CVar settings from Section [/Script/Engine.NetworkSettings] File [C:/Users/lukas/Documents/GitHub/-Machinima-2020/MyProject/Saved/Config/Windows/Engine.ini]
[2020.03.18-01.19.05:855][  0]LogConfig: Applying CVar settings from Section [/Script/UnrealEd.CookerSettings] File [C:/Users/lukas/Documents/GitHub/-Machinima-2020/MyProject/Saved/Config/Windows/Engine.ini]
[2020.03.18-01.19.05:857][  0]LogConfig: Applying CVar settings from Section [ViewDistanceQuality@3] File [C:/Users/lukas/Documents/GitHub/-Machinima-2020/MyProject/Saved/Config/Windows/Scalability.ini]
[2020.03.18-01.19.05:857][  0]LogConfig: Setting CVar [[r.SkeletalMeshLODBias:0]]
[2020.03.18-01.19.05:857][  0]LogConfig: Setting CVar [[r.ViewDistanceScale:1.0]]
[2020.03.18-01.19.05:857][  0]LogConfig: Applying CVar settings from Section [AntiAliasingQuality@3] File [C:/Users/lukas/Documents/GitHub/-Machinima-2020/MyProject/Saved/Config/Windows/Scalability.ini]
[2020.03.18-01.19.05:857][  0]LogConfig: Setting CVar [[r.PostProcessAAQuality:4]]
[2020.03.18-01.19.05:857][  0]LogConfig: Applying CVar settings from Section [ShadowQuality@3] File [C:/Users/lukas/Documents/GitHub/-Machinima-2020/MyProject/Saved/Config/Windows/Scalability.ini]
[2020.03.18-01.19.05:857][  0]LogConfig: Setting CVar [[r.LightFunctionQuality:1]]
[2020.03.18-01.19.05:857][  0]LogConfig: Setting CVar [[r.ShadowQuality:5]]
[2020.03.18-01.19.05:857][  0]LogConfig: Setting CVar [[r.Shadow.CSM.MaxCascades:10]]
[2020.03.18-01.19.05:857][  0]LogConfig: Setting CVar [[r.Shadow.MaxResolution:2048]]
[2020.03.18-01.19.05:857][  0]LogConfig: Setting CVar [[r.Shadow.MaxCSMResolution:2048]]
[2020.03.18-01.19.05:857][  0]LogConfig: Setting CVar [[r.Shadow.RadiusThreshold:0.01]]
[2020.03.18-01.19.05:857][  0]LogConfig: Setting CVar [[r.Shadow.DistanceScale:1.0]]
[2020.03.18-01.19.05:857][  0]LogConfig: Setting CVar [[r.Shadow.CSM.TransitionScale:1.0]]
[2020.03.18-01.19.05:857][  0]LogConfig: Setting CVar [[r.Shadow.PreShadowResolutionFactor:1.0]]
[2020.03.18-01.19.05:857][  0]LogConfig: Setting CVar [[r.DistanceFieldShadowing:1]]
[2020.03.18-01.19.05:857][  0]LogConfig: Setting CVar [[r.DistanceFieldAO:1]]
[2020.03.18-01.19.05:857][  0]LogConfig: Setting CVar [[r.AOQuality:2]]
[2020.03.18-01.19.05:857][  0]LogConfig: Setting CVar [[r.VolumetricFog:1]]
[2020.03.18-01.19.05:857][  0]LogConfig: Setting CVar [[r.VolumetricFog.GridPixelSize:8]]
[2020.03.18-01.19.05:857][  0]LogConfig: Setting CVar [[r.VolumetricFog.GridSizeZ:128]]
[2020.03.18-01.19.05:857][  0]LogConfig: Setting CVar [[r.VolumetricFog.HistoryMissSupersampleCount:4]]
[2020.03.18-01.19.05:857][  0]LogConfig: Setting CVar [[r.LightMaxDrawDistanceScale:1]]
[2020.03.18-01.19.05:857][  0]LogConfig: Setting CVar [[r.CapsuleShadows:1]]
[2020.03.18-01.19.05:857][  0]LogConfig: Applying CVar settings from Section [PostProcessQuality@3] File [C:/Users/lukas/Documents/GitHub/-Machinima-2020/MyProject/Saved/Config/Windows/Scalability.ini]
[2020.03.18-01.19.05:858][  0]LogConfig: Setting CVar [[r.MotionBlurQuality:4]]
[2020.03.18-01.19.05:858][  0]LogConfig: Setting CVar [[r.AmbientOcclusionMipLevelFactor:0.4]]
[2020.03.18-01.19.05:858][  0]LogConfig: Setting CVar [[r.AmbientOcclusionMaxQuality:100]]
[2020.03.18-01.19.05:858][  0]LogConfig: Setting CVar [[r.AmbientOcclusionLevels:-1]]
[2020.03.18-01.19.05:858][  0]LogConfig: Setting CVar [[r.AmbientOcclusionRadiusScale:1.0]]
[2020.03.18-01.19.05:858][  0]LogConfig: Setting CVar [[r.DepthOfFieldQuality:2]]
[2020.03.18-01.19.05:858][  0]LogConfig: Setting CVar [[r.RenderTargetPoolMin:400]]
[2020.03.18-01.19.05:858][  0]LogConfig: Setting CVar [[r.LensFlareQuality:2]]
[2020.03.18-01.19.05:858][  0]LogConfig: Setting CVar [[r.SceneColorFringeQuality:1]]
[2020.03.18-01.19.05:858][  0]LogConfig: Setting CVar [[r.EyeAdaptationQuality:2]]
[2020.03.18-01.19.05:858][  0]LogConfig: Setting CVar [[r.BloomQuality:5]]
[2020.03.18-01.19.05:858][  0]LogConfig: Setting CVar [[r.FastBlurThreshold:100]]
[2020.03.18-01.19.05:858][  0]LogConfig: Setting CVar [[r.Upscale.Quality:3]]
[2020.03.18-01.19.05:858][  0]LogConfig: Setting CVar [[r.Tonemapper.GrainQuantization:1]]
[2020.03.18-01.19.05:858][  0]LogConfig: Setting CVar [[r.LightShaftQuality:1]]
[2020.03.18-01.19.05:858][  0]LogConfig: Setting CVar [[r.Filter.SizeScale:1]]
[2020.03.18-01.19.05:858][  0]LogConfig: Setting CVar [[r.Tonemapper.Quality:5]]
[2020.03.18-01.19.05:858][  0]LogConfig: Setting CVar [[r.DOF.Gather.AccumulatorQuality:1        ; higher gathering accumulator quality]]
[2020.03.18-01.19.05:858][  0]LogConfig: Setting CVar [[r.DOF.Gather.PostfilterMethod:1          ; Median3x3 postfilering method]]
[2020.03.18-01.19.05:858][  0]LogConfig: Setting CVar [[r.DOF.Gather.EnableBokehSettings:0       ; no bokeh simulation when gathering]]
[2020.03.18-01.19.05:858][  0]LogConfig: Setting CVar [[r.DOF.Gather.RingCount:4                 ; medium number of samples when gathering]]
[2020.03.18-01.19.05:858][  0]LogConfig: Setting CVar [[r.DOF.Scatter.ForegroundCompositing:1    ; additive foreground scattering]]
[2020.03.18-01.19.05:858][  0]LogConfig: Setting CVar [[r.DOF.Scatter.BackgroundCompositing:2    ; additive background scattering]]
[2020.03.18-01.19.05:858][  0]LogConfig: Setting CVar [[r.DOF.Scatter.EnableBokehSettings:1      ; bokeh simulation when scattering]]
[2020.03.18-01.19.05:858][  0]LogConfig: Setting CVar [[r.DOF.Scatter.MaxSpriteRatio:0.1         ; only a maximum of 10% of scattered bokeh]]
[2020.03.18-01.19.05:858][  0]LogConfig: Setting CVar [[r.DOF.Recombine.Quality:1                ; cheap slight out of focus]]
[2020.03.18-01.19.05:858][  0]LogConfig: Setting CVar [[r.DOF.Recombine.EnableBokehSettings:0    ; no bokeh simulation on slight out of focus]]
[2020.03.18-01.19.05:858][  0]LogConfig: Setting CVar [[r.DOF.TemporalAAQuality:1                ; more stable temporal accumulation]]
[2020.03.18-01.19.05:858][  0]LogConfig: Setting CVar [[r.DOF.Kernel.MaxForegroundRadius:0.025]]
[2020.03.18-01.19.05:858][  0]LogConfig: Setting CVar [[r.DOF.Kernel.MaxBackgroundRadius:0.025]]
[2020.03.18-01.19.05:858][  0]LogConfig: Applying CVar settings from Section [TextureQuality@3] File [C:/Users/lukas/Documents/GitHub/-Machinima-2020/MyProject/Saved/Config/Windows/Scalability.ini]
[2020.03.18-01.19.05:858][  0]LogConfig: Setting CVar [[r.Streaming.MipBias:0]]
[2020.03.18-01.19.05:858][  0]LogConfig: Setting CVar [[r.Streaming.AmortizeCPUToGPUCopy:0]]
[2020.03.18-01.19.05:858][  0]LogConfig: Setting CVar [[r.Streaming.MaxNumTexturesToStreamPerFrame:0]]
[2020.03.18-01.19.05:858][  0]LogConfig: Setting CVar [[r.Streaming.Boost:1]]
[2020.03.18-01.19.05:858][  0]LogConfig: Setting CVar [[r.MaxAnisotropy:8]]
[2020.03.18-01.19.05:858][  0]LogConfig: Setting CVar [[r.Streaming.LimitPoolSizeToVRAM:0]]
[2020.03.18-01.19.05:858][  0]LogConfig: Setting CVar [[r.Streaming.PoolSize:1000]]
[2020.03.18-01.19.05:858][  0]LogConfig: Setting CVar [[r.Streaming.MaxEffectiveScreenSize:0]]
[2020.03.18-01.19.05:858][  0]LogConfig: Applying CVar settings from Section [EffectsQuality@3] File [C:/Users/lukas/Documents/GitHub/-Machinima-2020/MyProject/Saved/Config/Windows/Scalability.ini]
[2020.03.18-01.19.05:858][  0]LogConfig: Setting CVar [[r.TranslucencyLightingVolumeDim:64]]
[2020.03.18-01.19.05:858][  0]LogConfig: Setting CVar [[r.RefractionQuality:2]]
[2020.03.18-01.19.05:858][  0]LogConfig: Setting CVar [[r.SSR.Quality:3]]
[2020.03.18-01.19.05:858][  0]LogConfig: Setting CVar [[r.SceneColorFormat:4]]
[2020.03.18-01.19.05:858][  0]LogConfig: Setting CVar [[r.DetailMode:2]]
[2020.03.18-01.19.05:858][  0]LogConfig: Setting CVar [[r.TranslucencyVolumeBlur:1]]
[2020.03.18-01.19.05:858][  0]LogConfig: Setting CVar [[r.MaterialQualityLevel:1 ; High quality]]
[2020.03.18-01.19.05:858][  0]LogConfig: Setting CVar [[r.SSS.Scale:1]]
[2020.03.18-01.19.05:858][  0]LogConfig: Setting CVar [[r.SSS.SampleSet:2]]
[2020.03.18-01.19.05:858][  0]LogConfig: Setting CVar [[r.SSS.Quality:1]]
[2020.03.18-01.19.05:858][  0]LogConfig: Setting CVar [[r.SSS.HalfRes:1]]
[2020.03.18-01.19.05:858][  0]LogConfig: Setting CVar [[r.EmitterSpawnRateScale:1.0]]
[2020.03.18-01.19.05:858][  0]LogConfig: Setting CVar [[r.ParticleLightQuality:2]]
[2020.03.18-01.19.05:858][  0]LogConfig: Applying CVar settings from Section [FoliageQuality@3] File [C:/Users/lukas/Documents/GitHub/-Machinima-2020/MyProject/Saved/Config/Windows/Scalability.ini]
[2020.03.18-01.19.05:858][  0]LogConfig: Setting CVar [[foliage.DensityScale:1.0]]
[2020.03.18-01.19.05:858][  0]LogConfig: Setting CVar [[grass.DensityScale:1.0]]
[2020.03.18-01.19.05:858][  0]LogInit: Selected Device Profile: [Windows]
[2020.03.18-01.19.05:858][  0]LogInit: Applying CVar settings loaded from the selected device profile: [Windows]
[2020.03.18-01.19.05:860][  0]LogHAL: Display: Platform has ~ 16 GB [17137160192 / 17179869184 / 16], which maps to Larger [LargestMinGB=32, LargerMinGB=12, DefaultMinGB=8, SmallerMinGB=6, SmallestMinGB=0)
[2020.03.18-01.19.05:860][  0]LogInit: Going up to parent DeviceProfile []
[2020.03.18-01.19.05:860][  0]LogConfig: Applying CVar settings from Section [ViewDistanceQuality@3] File [C:/Users/lukas/Documents/GitHub/-Machinima-2020/MyProject/Saved/Config/Windows/Scalability.ini]
[2020.03.18-01.19.05:860][  0]LogConfig: Setting CVar [[r.SkeletalMeshLODBias:0]]
[2020.03.18-01.19.05:860][  0]LogConfig: Setting CVar [[r.ViewDistanceScale:1.0]]
[2020.03.18-01.19.05:860][  0]LogConfig: Applying CVar settings from Section [AntiAliasingQuality@3] File [C:/Users/lukas/Documents/GitHub/-Machinima-2020/MyProject/Saved/Config/Windows/Scalability.ini]
[2020.03.18-01.19.05:860][  0]LogConfig: Setting CVar [[r.PostProcessAAQuality:4]]
[2020.03.18-01.19.05:860][  0]LogConfig: Applying CVar settings from Section [ShadowQuality@3] File [C:/Users/lukas/Documents/GitHub/-Machinima-2020/MyProject/Saved/Config/Windows/Scalability.ini]
[2020.03.18-01.19.05:860][  0]LogConfig: Setting CVar [[r.LightFunctionQuality:1]]
[2020.03.18-01.19.05:860][  0]LogConfig: Setting CVar [[r.ShadowQuality:5]]
[2020.03.18-01.19.05:860][  0]LogConfig: Setting CVar [[r.Shadow.CSM.MaxCascades:10]]
[2020.03.18-01.19.05:860][  0]LogConfig: Setting CVar [[r.Shadow.MaxResolution:2048]]
[2020.03.18-01.19.05:861][  0]LogConfig: Setting CVar [[r.Shadow.MaxCSMResolution:2048]]
[2020.03.18-01.19.05:861][  0]LogConfig: Setting CVar [[r.Shadow.RadiusThreshold:0.01]]
[2020.03.18-01.19.05:861][  0]LogConfig: Setting CVar [[r.Shadow.DistanceScale:1.0]]
[2020.03.18-01.19.05:861][  0]LogConfig: Setting CVar [[r.Shadow.CSM.TransitionScale:1.0]]
[2020.03.18-01.19.05:861][  0]LogConfig: Setting CVar [[r.Shadow.PreShadowResolutionFactor:1.0]]
[2020.03.18-01.19.05:861][  0]LogConfig: Setting CVar [[r.DistanceFieldShadowing:1]]
[2020.03.18-01.19.05:861][  0]LogConfig: Setting CVar [[r.DistanceFieldAO:1]]
[2020.03.18-01.19.05:861][  0]LogConfig: Setting CVar [[r.AOQuality:2]]
[2020.03.18-01.19.05:861][  0]LogConfig: Setting CVar [[r.VolumetricFog:1]]
[2020.03.18-01.19.05:861][  0]LogConfig: Setting CVar [[r.VolumetricFog.GridPixelSize:8]]
[2020.03.18-01.19.05:861][  0]LogConfig: Setting CVar [[r.VolumetricFog.GridSizeZ:128]]
[2020.03.18-01.19.05:861][  0]LogConfig: Setting CVar [[r.VolumetricFog.HistoryMissSupersampleCount:4]]
[2020.03.18-01.19.05:861][  0]LogConfig: Setting CVar [[r.LightMaxDrawDistanceScale:1]]
[2020.03.18-01.19.05:861][  0]LogConfig: Setting CVar [[r.CapsuleShadows:1]]
[2020.03.18-01.19.05:861][  0]LogConfig: Applying CVar settings from Section [PostProcessQuality@3] File [C:/Users/lukas/Documents/GitHub/-Machinima-2020/MyProject/Saved/Config/Windows/Scalability.ini]
[2020.03.18-01.19.05:861][  0]LogConfig: Setting CVar [[r.MotionBlurQuality:4]]
[2020.03.18-01.19.05:861][  0]LogConfig: Setting CVar [[r.AmbientOcclusionMipLevelFactor:0.4]]
[2020.03.18-01.19.05:861][  0]LogConfig: Setting CVar [[r.AmbientOcclusionMaxQuality:100]]
[2020.03.18-01.19.05:861][  0]LogConfig: Setting CVar [[r.AmbientOcclusionLevels:-1]]
[2020.03.18-01.19.05:861][  0]LogConfig: Setting CVar [[r.AmbientOcclusionRadiusScale:1.0]]
[2020.03.18-01.19.05:861][  0]LogConfig: Setting CVar [[r.DepthOfFieldQuality:2]]
[2020.03.18-01.19.05:861][  0]LogConfig: Setting CVar [[r.RenderTargetPoolMin:400]]
[2020.03.18-01.19.05:861][  0]LogConfig: Setting CVar [[r.LensFlareQuality:2]]
[2020.03.18-01.19.05:861][  0]LogConfig: Setting CVar [[r.SceneColorFringeQuality:1]]
[2020.03.18-01.19.05:861][  0]LogConfig: Setting CVar [[r.EyeAdaptationQuality:2]]
[2020.03.18-01.19.05:861][  0]LogConfig: Setting CVar [[r.BloomQuality:5]]
[2020.03.18-01.19.05:861][  0]LogConfig: Setting CVar [[r.FastBlurThreshold:100]]
[2020.03.18-01.19.05:861][  0]LogConfig: Setting CVar [[r.Upscale.Quality:3]]
[2020.03.18-01.19.05:861][  0]LogConfig: Setting CVar [[r.Tonemapper.GrainQuantization:1]]
[2020.03.18-01.19.05:861][  0]LogConfig: Setting CVar [[r.LightShaftQuality:1]]
[2020.03.18-01.19.05:861][  0]LogConfig: Setting CVar [[r.Filter.SizeScale:1]]
[2020.03.18-01.19.05:861][  0]LogConfig: Setting CVar [[r.Tonemapper.Quality:5]]
[2020.03.18-01.19.05:861][  0]LogConfig: Setting CVar [[r.DOF.Gather.AccumulatorQuality:1        ; higher gathering accumulator quality]]
[2020.03.18-01.19.05:861][  0]LogConfig: Setting CVar [[r.DOF.Gather.PostfilterMethod:1          ; Median3x3 postfilering method]]
[2020.03.18-01.19.05:861][  0]LogConfig: Setting CVar [[r.DOF.Gather.EnableBokehSettings:0       ; no bokeh simulation when gathering]]
[2020.03.18-01.19.05:861][  0]LogConfig: Setting CVar [[r.DOF.Gather.RingCount:4                 ; medium number of samples when gathering]]
[2020.03.18-01.19.05:861][  0]LogConfig: Setting CVar [[r.DOF.Scatter.ForegroundCompositing:1    ; additive foreground scattering]]
[2020.03.18-01.19.05:861][  0]LogConfig: Setting CVar [[r.DOF.Scatter.BackgroundCompositing:2    ; additive background scattering]]
[2020.03.18-01.19.05:861][  0]LogConfig: Setting CVar [[r.DOF.Scatter.EnableBokehSettings:1      ; bokeh simulation when scattering]]
[2020.03.18-01.19.05:861][  0]LogConfig: Setting CVar [[r.DOF.Scatter.MaxSpriteRatio:0.1         ; only a maximum of 10% of scattered bokeh]]
[2020.03.18-01.19.05:861][  0]LogConfig: Setting CVar [[r.DOF.Recombine.Quality:1                ; cheap slight out of focus]]
[2020.03.18-01.19.05:861][  0]LogConfig: Setting CVar [[r.DOF.Recombine.EnableBokehSettings:0    ; no bokeh simulation on slight out of focus]]
[2020.03.18-01.19.05:861][  0]LogConfig: Setting CVar [[r.DOF.TemporalAAQuality:1                ; more stable temporal accumulation]]
[2020.03.18-01.19.05:861][  0]LogConfig: Setting CVar [[r.DOF.Kernel.MaxForegroundRadius:0.025]]
[2020.03.18-01.19.05:861][  0]LogConfig: Setting CVar [[r.DOF.Kernel.MaxBackgroundRadius:0.025]]
[2020.03.18-01.19.05:861][  0]LogConfig: Applying CVar settings from Section [TextureQuality@3] File [C:/Users/lukas/Documents/GitHub/-Machinima-2020/MyProject/Saved/Config/Windows/Scalability.ini]
[2020.03.18-01.19.05:861][  0]LogConfig: Setting CVar [[r.Streaming.MipBias:0]]
[2020.03.18-01.19.05:861][  0]LogConfig: Setting CVar [[r.Streaming.AmortizeCPUToGPUCopy:0]]
[2020.03.18-01.19.05:861][  0]LogConfig: Setting CVar [[r.Streaming.MaxNumTexturesToStreamPerFrame:0]]
[2020.03.18-01.19.05:861][  0]LogConfig: Setting CVar [[r.Streaming.Boost:1]]
[2020.03.18-01.19.05:861][  0]LogConfig: Setting CVar [[r.MaxAnisotropy:8]]
[2020.03.18-01.19.05:861][  0]LogConfig: Setting CVar [[r.Streaming.LimitPoolSizeToVRAM:0]]
[2020.03.18-01.19.05:861][  0]LogConfig: Setting CVar [[r.Streaming.PoolSize:1000]]
[2020.03.18-01.19.05:861][  0]LogConfig: Setting CVar [[r.Streaming.MaxEffectiveScreenSize:0]]
[2020.03.18-01.19.05:861][  0]LogConfig: Applying CVar settings from Section [EffectsQuality@3] File [C:/Users/lukas/Documents/GitHub/-Machinima-2020/MyProject/Saved/Config/Windows/Scalability.ini]
[2020.03.18-01.19.05:861][  0]LogConfig: Setting CVar [[r.TranslucencyLightingVolumeDim:64]]
[2020.03.18-01.19.05:861][  0]LogConfig: Setting CVar [[r.RefractionQuality:2]]
[2020.03.18-01.19.05:861][  0]LogConfig: Setting CVar [[r.SSR.Quality:3]]
[2020.03.18-01.19.05:861][  0]LogConfig: Setting CVar [[r.SceneColorFormat:4]]
[2020.03.18-01.19.05:861][  0]LogConfig: Setting CVar [[r.DetailMode:2]]
[2020.03.18-01.19.05:861][  0]LogConfig: Setting CVar [[r.TranslucencyVolumeBlur:1]]
[2020.03.18-01.19.05:861][  0]LogConfig: Setting CVar [[r.MaterialQualityLevel:1 ; High quality]]
[2020.03.18-01.19.05:861][  0]LogConfig: Setting CVar [[r.SSS.Scale:1]]
[2020.03.18-01.19.05:861][  0]LogConfig: Setting CVar [[r.SSS.SampleSet:2]]
[2020.03.18-01.19.05:861][  0]LogConfig: Setting CVar [[r.SSS.Quality:1]]
[2020.03.18-01.19.05:861][  0]LogConfig: Setting CVar [[r.SSS.HalfRes:1]]
[2020.03.18-01.19.05:861][  0]LogConfig: Setting CVar [[r.EmitterSpawnRateScale:1.0]]
[2020.03.18-01.19.05:861][  0]LogConfig: Setting CVar [[r.ParticleLightQuality:2]]
[2020.03.18-01.19.05:861][  0]LogConfig: Applying CVar settings from Section [FoliageQuality@3] File [C:/Users/lukas/Documents/GitHub/-Machinima-2020/MyProject/Saved/Config/Windows/Scalability.ini]
[2020.03.18-01.19.05:861][  0]LogConfig: Setting CVar [[foliage.DensityScale:1.0]]
[2020.03.18-01.19.05:861][  0]LogConfig: Setting CVar [[grass.DensityScale:1.0]]
[2020.03.18-01.19.05:861][  0]LogConfig: Applying CVar settings from Section [Startup] File [../../../Engine/Config/ConsoleVariables.ini]
[2020.03.18-01.19.05:861][  0]LogConfig: Setting CVar [[net.UseAdaptiveNetUpdateFrequency:0]]
[2020.03.18-01.19.05:861][  0]LogConfig: Setting CVar [[p.chaos.AllowCreatePhysxBodies:1]]
[2020.03.18-01.19.05:861][  0]LogConfig: Applying CVar settings from Section [ConsoleVariables] File [C:/Users/lukas/Documents/GitHub/-Machinima-2020/MyProject/Saved/Config/Windows/Engine.ini]
[2020.03.18-01.19.05:862][  0]LogInit: Computer: DESKTOP-S78OUVV
[2020.03.18-01.19.05:862][  0]LogInit: User: lukas
[2020.03.18-01.19.05:862][  0]LogInit: CPU Page size=4096, Cores=4
[2020.03.18-01.19.05:862][  0]LogInit: High frequency timer resolution =10.000000 MHz
[2020.03.18-01.19.05:862][  0]LogMemory: Memory total: Physical=16.0GB (16GB approx)
[2020.03.18-01.19.05:862][  0]LogMemory: Platform Memory Stats for Windows
[2020.03.18-01.19.05:862][  0]LogMemory: Process Physical Memory: 99.88 MB used, 99.89 MB peak
[2020.03.18-01.19.05:862][  0]LogMemory: Process Virtual Memory: 87.91 MB used, 87.91 MB peak
[2020.03.18-01.19.05:862][  0]LogMemory: Physical Memory: 9702.39 MB used,  6640.88 MB free, 16343.27 MB total
[2020.03.18-01.19.05:862][  0]LogMemory: Virtual Memory: 4643.59 MB used,  134213088.00 MB free, 134217728.00 MB total
[2020.03.18-01.19.05:864][  0]LogWindows: WindowsPlatformFeatures enabled
[2020.03.18-01.19.05:882][  0]LogInit: Using OS detected language (en-US).
[2020.03.18-01.19.05:882][  0]LogInit: Using OS detected locale (en-US).
[2020.03.18-01.19.05:883][  0]LogTextLocalizationManager: No specific localization for 'en-US' exists, so the 'en' localization will be used.
[2020.03.18-01.19.06:021][  0]LogInit: Setting process to per monitor DPI aware
[2020.03.18-01.19.06:046][  0]LogSlate: New Slate User Created.  User Index 0, Is Virtual User: 0
[2020.03.18-01.19.06:046][  0]LogSlate: Slate User Registered.  User Index 0, Is Virtual User: 0
[2020.03.18-01.19.06:157][  0]LogHMD: Failed to initialize OpenVR with code 110
[2020.03.18-01.19.06:157][  0]LogD3D11RHI: D3D11 adapters:
[2020.03.18-01.19.06:214][  0]LogD3D11RHI:    0. 'NVIDIA GeForce GTX 1070 Ti' (Feature Level 11_0)
[2020.03.18-01.19.06:214][  0]LogD3D11RHI:       8079/0/8171 MB DedicatedVideo/DedicatedSystem/SharedSystem, Outputs:1, VendorId:0x10de
[2020.03.18-01.19.06:216][  0]LogD3D11RHI:    1. 'Microsoft Basic Render Driver' (Feature Level 11_0)
[2020.03.18-01.19.06:216][  0]LogD3D11RHI:       0/0/8171 MB DedicatedVideo/DedicatedSystem/SharedSystem, Outputs:0, VendorId:0x1414
[2020.03.18-01.19.06:216][  0]LogD3D11RHI: Chosen D3D11 Adapter: 0
[2020.03.18-01.19.06:221][  0]LogD3D11RHI: Creating new Direct3DDevice
[2020.03.18-01.19.06:222][  0]LogD3D11RHI:     GPU DeviceId: 0x1b82 (for the marketing name, search the web for "GPU Device Id")
[2020.03.18-01.19.06:222][  0]LogWindows: EnumDisplayDevices:
[2020.03.18-01.19.06:222][  0]LogWindows:    0. 'NVIDIA GeForce GTX 1070 Ti' (P:1 D:1)
[2020.03.18-01.19.06:222][  0]LogWindows:    1. 'NVIDIA GeForce GTX 1070 Ti' (P:0 D:0)
[2020.03.18-01.19.06:222][  0]LogWindows:    2. 'NVIDIA GeForce GTX 1070 Ti' (P:0 D:0)
[2020.03.18-01.19.06:222][  0]LogWindows:    3. 'NVIDIA GeForce GTX 1070 Ti' (P:0 D:0)
[2020.03.18-01.19.06:222][  0]LogWindows: DebugString: FoundDriverCount:4 
[2020.03.18-01.19.06:222][  0]LogD3D11RHI:     Adapter Name: NVIDIA GeForce GTX 1070 Ti
[2020.03.18-01.19.06:222][  0]LogD3D11RHI:   Driver Version: 442.59 (internal:26.21.14.4259, unified:442.59)
[2020.03.18-01.19.06:222][  0]LogD3D11RHI:      Driver Date: 3-4-2020
[2020.03.18-01.19.06:222][  0]LogRHI: Texture pool is 5655 MB (70% of 8079 MB)
[2020.03.18-01.19.06:254][  0]LogD3D11RHI: Async texture creation enabled
[2020.03.18-01.19.06:264][  0]LogD3D11RHI: GPU Timing Frequency: 1000.000000 (Debug: 2 1)
[2020.03.18-01.19.06:485][  0]LogTemp: Display: Module 'AllDesktopTargetPlatform' loaded TargetPlatform 'AllDesktop'
[2020.03.18-01.19.06:492][  0]LogTemp: Display: Module 'MacClientTargetPlatform' loaded TargetPlatform 'MacClient'
[2020.03.18-01.19.06:499][  0]LogTemp: Display: Module 'MacNoEditorTargetPlatform' loaded TargetPlatform 'MacNoEditor'
[2020.03.18-01.19.06:506][  0]LogTemp: Display: Module 'MacServerTargetPlatform' loaded TargetPlatform 'MacServer'
[2020.03.18-01.19.06:513][  0]LogTemp: Display: Module 'MacTargetPlatform' loaded TargetPlatform 'Mac'
[2020.03.18-01.19.06:520][  0]LogTemp: Display: Module 'WindowsClientTargetPlatform' loaded TargetPlatform 'WindowsClient'
[2020.03.18-01.19.06:527][  0]LogTemp: Display: Module 'WindowsNoEditorTargetPlatform' loaded TargetPlatform 'WindowsNoEditor'
[2020.03.18-01.19.06:534][  0]LogTemp: Display: Module 'WindowsServerTargetPlatform' loaded TargetPlatform 'WindowsServer'
[2020.03.18-01.19.06:537][  0]LogTemp: Display: Module 'WindowsTargetPlatform' loaded TargetPlatform 'Windows'
[2020.03.18-01.19.06:563][  0]LogTemp: Display: Module 'AndroidTargetPlatform' loaded TargetPlatform 'Android'
[2020.03.18-01.19.06:563][  0]LogTemp: Display: Module 'AndroidTargetPlatform' loaded TargetPlatform 'Android_ASTC'
[2020.03.18-01.19.06:563][  0]LogTemp: Display: Module 'AndroidTargetPlatform' loaded TargetPlatform 'Android_ATC'
[2020.03.18-01.19.06:563][  0]LogTemp: Display: Module 'AndroidTargetPlatform' loaded TargetPlatform 'Android_DXT'
[2020.03.18-01.19.06:563][  0]LogTemp: Display: Module 'AndroidTargetPlatform' loaded TargetPlatform 'Android_ETC1'
[2020.03.18-01.19.06:563][  0]LogTemp: Display: Module 'AndroidTargetPlatform' loaded TargetPlatform 'Android_ETC1a'
[2020.03.18-01.19.06:563][  0]LogTemp: Display: Module 'AndroidTargetPlatform' loaded TargetPlatform 'Android_ETC2'
[2020.03.18-01.19.06:563][  0]LogTemp: Display: Module 'AndroidTargetPlatform' loaded TargetPlatform 'Android_PVRTC'
[2020.03.18-01.19.06:563][  0]LogTemp: Display: Module 'AndroidTargetPlatform' loaded TargetPlatform 'AndroidClient'
[2020.03.18-01.19.06:563][  0]LogTemp: Display: Module 'AndroidTargetPlatform' loaded TargetPlatform 'Android_ASTCClient'
[2020.03.18-01.19.06:563][  0]LogTemp: Display: Module 'AndroidTargetPlatform' loaded TargetPlatform 'Android_ATCClient'
[2020.03.18-01.19.06:563][  0]LogTemp: Display: Module 'AndroidTargetPlatform' loaded TargetPlatform 'Android_DXTClient'
[2020.03.18-01.19.06:563][  0]LogTemp: Display: Module 'AndroidTargetPlatform' loaded TargetPlatform 'Android_ETC1Client'
[2020.03.18-01.19.06:563][  0]LogTemp: Display: Module 'AndroidTargetPlatform' loaded TargetPlatform 'Android_ETC1aClient'
[2020.03.18-01.19.06:563][  0]LogTemp: Display: Module 'AndroidTargetPlatform' loaded TargetPlatform 'Android_ETC2Client'
[2020.03.18-01.19.06:563][  0]LogTemp: Display: Module 'AndroidTargetPlatform' loaded TargetPlatform 'Android_PVRTCClient'
[2020.03.18-01.19.06:563][  0]LogTemp: Display: Module 'AndroidTargetPlatform' loaded TargetPlatform 'Android_Multi'
[2020.03.18-01.19.06:563][  0]LogTemp: Display: Module 'AndroidTargetPlatform' loaded TargetPlatform 'Android_MultiClient'
[2020.03.18-01.19.06:564][  0]LogTemp: Display: Module 'HTML5TargetPlatform' loaded TargetPlatform 'HTML5'
[2020.03.18-01.19.06:577][  0]LogTemp: Display: Module 'IOSTargetPlatform' loaded TargetPlatform 'IOSClient'
[2020.03.18-01.19.06:577][  0]LogTemp: Display: Module 'IOSTargetPlatform' loaded TargetPlatform 'IOS'
[2020.03.18-01.19.06:588][  0]LogTemp: Display: Module 'TVOSTargetPlatform' loaded TargetPlatform 'TVOSClient'
[2020.03.18-01.19.06:588][  0]LogTemp: Display: Module 'TVOSTargetPlatform' loaded TargetPlatform 'TVOS'
[2020.03.18-01.19.06:594][  0]LogTemp: Display: Module 'LinuxClientTargetPlatform' loaded TargetPlatform 'LinuxClient'
[2020.03.18-01.19.06:599][  0]LogTemp: Display: Module 'LinuxNoEditorTargetPlatform' loaded TargetPlatform 'LinuxNoEditor'
[2020.03.18-01.19.06:604][  0]LogTemp: Display: Module 'LinuxServerTargetPlatform' loaded TargetPlatform 'LinuxServer'
[2020.03.18-01.19.06:610][  0]LogTemp: Display: Module 'LinuxTargetPlatform' loaded TargetPlatform 'Linux'
[2020.03.18-01.19.06:629][  0]LogTemp: Display: Module 'LuminTargetPlatform' loaded TargetPlatform 'Lumin'
[2020.03.18-01.19.06:629][  0]LogTemp: Display: Module 'LuminTargetPlatform' loaded TargetPlatform 'LuminClient'
[2020.03.18-01.19.06:629][  0]LogTargetPlatformManager: Display: Building Assets For Windows
[2020.03.18-01.19.06:636][  0]LogAudioDebug: Display: Lib vorbis DLL was dynamically loaded.
[2020.03.18-01.19.06:679][  0]LogShaderCompilers: Guid format shader working directory is -26 characters bigger than the processId version (../../../../../../Users/lukas/Documents/GitHub/-Machinima-2020/MyProject/Intermediate/Shaders/WorkingDirectory/8940/).
[2020.03.18-01.19.06:679][  0]LogShaderCompilers: Cleaned the shader compiler working directory 'C:/Users/lukas/AppData/Local/Temp/UnrealShaderWorkingDir/ABACFDA344EF0D78E9EC66B7EF2A4877/'.
[2020.03.18-01.19.06:681][  0]LogXGEController: Cannot use XGE Controller as Incredibuild is not installed on this machine.
[2020.03.18-01.19.06:681][  0]LogShaderCompilers: Cannot use XGE Shader Compiler as Incredibuild is not installed on this machine.
[2020.03.18-01.19.06:681][  0]LogShaderCompilers: Display: Using Local Shader Compiler.
[2020.03.18-01.19.07:160][  0]LogDerivedDataCache: Display: Max Cache Size: 512 MB
[2020.03.18-01.19.07:201][  0]LogDerivedDataCache: Loaded boot cache 0.04s 74MB C:/Users/lukas/AppData/Local/UnrealEngine/4.23/DerivedDataCache/Boot.ddc.
[2020.03.18-01.19.07:201][  0]LogDerivedDataCache: Display: Loaded Boot cache: C:/Users/lukas/AppData/Local/UnrealEngine/4.23/DerivedDataCache/Boot.ddc
[2020.03.18-01.19.07:201][  0]LogDerivedDataCache: FDerivedDataBackendGraph:  Pak pak cache file ../../../../../../Users/lukas/Documents/GitHub/-Machinima-2020/MyProject/DerivedDataCache/DDC.ddp not found, will not use a pak cache.
[2020.03.18-01.19.07:201][  0]LogDerivedDataCache: Unable to find inner node Pak for hierarchical cache Hierarchy.
[2020.03.18-01.19.07:201][  0]LogDerivedDataCache: FDerivedDataBackendGraph:  CompressedPak pak cache file ../../../../../../Users/lukas/Documents/GitHub/-Machinima-2020/MyProject/DerivedDataCache/Compressed.ddp not found, will not use a pak cache.
[2020.03.18-01.19.07:201][  0]LogDerivedDataCache: Unable to find inner node CompressedPak for hierarchical cache Hierarchy.
[2020.03.18-01.19.07:211][  0]LogDerivedDataCache: Display: Pak cache opened for reading ../../../Engine/DerivedDataCache/Compressed.ddp.
[2020.03.18-01.19.07:212][  0]LogDerivedDataCache: Display: Pak cache opened for reading ../../../Enterprise/DerivedDataCache/Compressed.ddp.
[2020.03.18-01.19.07:213][  0]LogDerivedDataCache: Using Local data cache path C:/Users/lukas/AppData/Local/UnrealEngine/Common/DerivedDataCache: Writable
[2020.03.18-01.19.07:213][  0]LogDerivedDataCache: Shared data cache path not found in *engine.ini, will not use an Shared cache.
[2020.03.18-01.19.07:213][  0]LogDerivedDataCache: Unable to find inner node Shared for hierarchical cache Hierarchy.
[2020.03.18-01.19.07:229][  0]LogMaterial: Verifying Global Shaders for PCD3D_SM5
[2020.03.18-01.19.07:231][  0]LogSlate: Using FreeType 2.6.0
[2020.03.18-01.19.07:231][  0]LogSlate: SlateFontServices - WITH_FREETYPE: 1, WITH_HARFBUZZ: 1
[2020.03.18-01.19.07:275][  0]LogAssetRegistry: FAssetRegistry took 0.0019 seconds to start up
[2020.03.18-01.19.07:479][  0]LogInit: Selected Device Profile: [Windows]
[2020.03.18-01.19.07:519][  0]LogMeshReduction: Using QuadricMeshReduction for automatic static mesh reduction
[2020.03.18-01.19.07:519][  0]LogMeshReduction: Using SimplygonMeshReduction for automatic skeletal mesh reduction
[2020.03.18-01.19.07:519][  0]LogMeshReduction: Using ProxyLODMeshReduction for automatic mesh merging
[2020.03.18-01.19.07:519][  0]LogMeshReduction: No distributed automatic mesh merging module available
[2020.03.18-01.19.07:519][  0]LogMeshMerging: No distributed automatic mesh merging module available
[2020.03.18-01.19.07:607][  0]LogNetVersion: MyProject 1.0.0, NetCL: 8386587, EngineNetVer: 11, GameNetVer: 0 (Checksum: 2896792207)
[2020.03.18-01.19.07:953][  0]LogPackageLocalizationCache: Processed 18 localized package path(s) for 1 prioritized culture(s) in 0.056280 seconds
[2020.03.18-01.19.07:960][  0]LogUObjectArray: 43444 objects as part of root set at end of initial load.
[2020.03.18-01.19.07:960][  0]LogUObjectAllocator: 7548648 out of 0 bytes used by permanent object pool.
[2020.03.18-01.19.07:960][  0]LogUObjectArray: CloseDisregardForGC: 0/0 objects in disregard for GC pool
[2020.03.18-01.19.08:626][  0]LogTcpMessaging: Initializing TcpMessaging bridge
[2020.03.18-01.19.08:628][  0]LogUdpMessaging: Initializing bridge on interface 0.0.0.0:0 to multicast group 230.0.0.1:6666.
[2020.03.18-01.19.08:671][  0]SourceControl: Source control is disabled
[2020.03.18-01.19.08:671][  0]SourceControl: Source control is disabled
[2020.03.18-01.19.08:672][  0]SourceControl: Source control is disabled
[2020.03.18-01.19.08:673][  0]SourceControl: Source control is disabled
[2020.03.18-01.19.08:802][  0]LogAndroidPermission: UAndroidPermissionCallbackProxy::GetInstance
[2020.03.18-01.19.08:882][  0]LogOcInput: OculusInput pre-init called
[2020.03.18-01.19.08:888][  0]LogWindows: Failed to load 'OVRPlugin.dll' (GetLastError=126)
[2020.03.18-01.19.08:888][  0]LogWindows: File 'OVRPlugin.dll' does not exist
[2020.03.18-01.19.10:645][  0]LogEngine: Initializing Engine...
[2020.03.18-01.19.10:645][  0]LogHMD: Failed to initialize OpenVR with code 110
[2020.03.18-01.19.10:646][  0]LogStats: UGameplayTagsManager::InitializeManager -  0.000 s
[2020.03.18-01.19.10:825][  0]LogInit: Initializing FReadOnlyCVARCache
[2020.03.18-01.19.10:837][  0]LogAIModule: Creating AISystem for world Untitled
[2020.03.18-01.19.10:861][  0]LogInit: XAudio2 using 'Speakers (Realtek High Definition Audio)' : 2 channels at 48 kHz using 32 bits per sample (channel mask 0x3)
[2020.03.18-01.19.10:881][  0]LogInit: FAudioDevice initialized.
[2020.03.18-01.19.10:881][  0]LogNetVersion: Set ProjectVersion to 1.0.0.0. Version Checksum will be recalculated on next use.
[2020.03.18-01.19.10:917][  0]LogDerivedDataCache: Saved boot cache 0.04s 74MB C:/Users/lukas/AppData/Local/UnrealEngine/4.23/DerivedDataCache/Boot.ddc.
[2020.03.18-01.19.10:923][  0]LogInit: Texture streaming: Enabled
[2020.03.18-01.19.10:939][  0]LogEngineSessionManager: EngineSessionManager initialized
[2020.03.18-01.19.10:939][  0]LogEditorSessionSummary: Verbose: Initializing EditorSessionSummaryWriter for editor session tracking
[2020.03.18-01.19.10:940][  0]LogEditorSessionSummary: EditorSessionSummaryWriter initialized
[2020.03.18-01.19.10:986][  0]LogInit: Transaction tracking system initialized
[2020.03.18-01.19.11:014][  0]BlueprintLog: New page: Editor Load
[2020.03.18-01.19.11:089][  0]LocalizationService: Localization service is disabled
[2020.03.18-01.19.11:281][  0]LogFileCache: Scanning file cache for directory 'C:/Users/lukas/Documents/GitHub/-Machinima-2020/MyProject/Content/' took 0.01s
[2020.03.18-01.19.11:281][  0]LogCook: Display: Max memory allowance for cook 16384mb min free memory 0mb
[2020.03.18-01.19.11:281][  0]LogCook: Display: Mobile HDR setting 1
[2020.03.18-01.19.12:443][  0]SourceControl: Source control is disabled
[2020.03.18-01.19.12:444][  0]Cmd: MAP LOAD FILE="../../../Engine/Content/Maps/Templates/Template_Default.umap" TEMPLATE=1 SHOWPROGRESS=1 FEATURELEVEL=3
[2020.03.18-01.19.12:444][  0]LightingResults: New page: Lighting Build
[2020.03.18-01.19.12:446][  0]LogWorld: UWorld::CleanupWorld for Untitled, bSessionEnded=true, bCleanupResources=true
[2020.03.18-01.19.12:446][  0]MapCheck: New page: Map Check
[2020.03.18-01.19.12:446][  0]LightingResults: New page: Lighting Build
[2020.03.18-01.19.12:467][  0]LogUObjectHash: Compacting FUObjectHashTables data took   1.37ms
[2020.03.18-01.19.12:526][  0]LogAIModule: Creating AISystem for world Untitled_1
[2020.03.18-01.19.12:530][  0]LogEditorServer: Finished looking for orphan Actors (0.000 secs)
[2020.03.18-01.19.12:551][  0]LogUObjectHash: Compacting FUObjectHashTables data took   1.69ms
[2020.03.18-01.19.12:551][  0]Cmd: MAP CHECKDEP NOCLEARLOG
[2020.03.18-01.19.12:551][  0]MapCheck: Map check complete: 0 Error(s), 0 Warning(s), took 0.139ms to complete.
[2020.03.18-01.19.12:551][  0]LogFileHelpers: Loading map 'Template_Default' took 0.109
[2020.03.18-01.19.12:640][  0]LogSlate: Updating window title bar state: overlay mode, drag disabled, window buttons hidden, title bar hidden
[2020.03.18-01.19.12:646][  0]LogSlate: Updating window title bar state: overlay mode, drag disabled, window buttons hidden, title bar hidden
[2020.03.18-01.19.12:651][  0]LogSlate: Updating window title bar state: overlay mode, drag disabled, window buttons hidden, title bar hidden
[2020.03.18-01.19.12:657][  0]LogSlate: Updating window title bar state: overlay mode, drag disabled, window buttons hidden, title bar hidden
[2020.03.18-01.19.12:669][  0]LogCollectionManager: Loaded 0 collections in 0.001534 seconds
[2020.03.18-01.19.12:676][  0]LogFileCache: Scanning file cache for directory 'C:/Users/lukas/Documents/GitHub/-Machinima-2020/MyProject/Saved/Collections/' took 0.00s
[2020.03.18-01.19.12:676][  0]LogFileCache: Scanning file cache for directory 'C:/Users/lukas/Documents/GitHub/-Machinima-2020/MyProject/Content/Developers/lukas/Collections/' took 0.00s
[2020.03.18-01.19.12:676][  0]LogFileCache: Scanning file cache for directory 'C:/Users/lukas/Documents/GitHub/-Machinima-2020/MyProject/Content/Collections/' took 0.00s
[2020.03.18-01.19.12:676][  0]LogCollectionManager: Rebuilt the GUID cache for 0 collections in 0.000001 seconds
[2020.03.18-01.19.12:683][  0]LogContentBrowser: Native class hierarchy populated in 0.0069 seconds. Added 3045 classes and 765 folders.
[2020.03.18-01.19.12:688][  0]LogContentBrowser: Native class hierarchy updated for 'WidgetCarousel' in 0.0002 seconds. Added 0 classes and 0 folders.
[2020.03.18-01.19.12:721][  0]LogContentBrowser: Native class hierarchy updated for 'AddContentDialog' in 0.0002 seconds. Added 0 classes and 0 folders.
[2020.03.18-01.19.12:727][  0]LogSlate: Took 0.000116 seconds to synchronously load lazily loaded font '../../../Engine/Content/Slate/Fonts/Roboto-Regular.ttf' (155K)
[2020.03.18-01.19.12:729][  0]LogSlate: Took 0.000111 seconds to synchronously load lazily loaded font '../../../Engine/Content/Slate/Fonts/Roboto-Bold.ttf' (160K)
[2020.03.18-01.19.12:733][  0]LogSlate: Took 0.000167 seconds to synchronously load lazily loaded font '../../../Engine/Content/Editor/Slate/Fonts/FontAwesome.ttf' (139K)
[2020.03.18-01.19.12:781][  0]LogRenderer: Reallocating scene render targets to support 1304x596 Format 10 NumSamples 1 (Frame:1).
[2020.03.18-01.19.12:895][  0]LogContentBrowser: Native class hierarchy updated for 'HierarchicalLODOutliner' in 0.0002 seconds. Added 0 classes and 0 folders.
[2020.03.18-01.19.12:895][  0]LogLoad: (Engine Initialization) Total time: 7.95 seconds
[2020.03.18-01.19.12:895][  0]LogLoad: (Engine Initialization) Total Blueprint compile time: 0.00 seconds
[2020.03.18-01.19.12:940][  0]LogAssetRegistry: Asset discovery search completed in 5.6665 seconds
[2020.03.18-01.19.12:944][  0]LogCollectionManager: Rebuilt the object cache for 0 collections in 0.000004 seconds (found 0 objects)
[2020.03.18-01.19.12:944][  0]LogCollectionManager: Fixed up redirectors for 0 collections in 0.000056 seconds (updated 0 objects)
[2020.03.18-01.19.12:945][  0]LogContentStreaming: Texture pool size now 1000 MB
[2020.03.18-01.19.13:042][  0]LogSlate: Took 0.000137 seconds to synchronously load lazily loaded font '../../../Engine/Content/Slate/Fonts/Roboto-Light.ttf' (167K)
[2020.03.18-01.22.59:759][200]LogSlate: FSceneViewport::OnFocusLost() reason 0
[2020.03.18-01.22.59:960][224]LogSlate: Took 0.000139 seconds to synchronously load lazily loaded font '../../../Engine/Content/Slate/Fonts/Roboto-Light.ttf' (167K)
[2020.03.18-01.22.59:975][224]LogBlueprint: Warning: [Compiler FirstPersonCharacter] InputAction Event references unknown Action 'Sprint' for  InputAction Sprint
[2020.03.18-01.22.59:975][224]LogBlueprint: Warning: [Compiler FirstPersonCharacter] Input Axis Event references unknown Axis 'TurnRate' for  InputAxis TurnRate
[2020.03.18-01.22.59:975][224]LogBlueprint: Warning: [Compiler FirstPersonCharacter] Input Axis Event references unknown Axis 'LookUpRate' for  InputAxis LookUpRate
[2020.03.18-01.22.59:975][224]LogBlueprint: Warning: [Compiler FirstPersonCharacter] Input Axis Event references unknown Axis 'LookUp' for  InputAxis LookUp
[2020.03.18-01.22.59:976][224]LogBlueprint: Warning: [Compiler FirstPersonCharacter] Input Axis Event references unknown Axis 'Turn' for  InputAxis Turn
[2020.03.18-01.22.59:976][224]LogBlueprint: Warning: [Compiler FirstPersonCharacter] Input Axis Event references unknown Axis 'MoveForward' for  InputAxis MoveForward
[2020.03.18-01.22.59:976][224]LogBlueprint: Warning: [Compiler FirstPersonCharacter] Input Axis Event references unknown Axis 'MoveRight' for  InputAxis MoveRight
[2020.03.18-01.23.00:171][224]LogBlueprint: Warning: [Compiler PersistentLevel.LV_Soul_Slum_deleted] OnBeginCursorOver (None)  is referencing an Actor that no longer exists. Attached logic will never execute.
[2020.03.18-01.23.00:171][224]LogBlueprint: Error: [Compiler PersistentLevel.LV_Soul_Slum_deleted] Couldn't find object for bound event node  OnBeginCursorOver (None)
[2020.03.18-01.23.00:550][224]LogAIModule: Creating AISystem for world LV_Soul_Slum_deleted
[2020.03.18-01.23.00:562][224]LogAssetEditorManager: Opening Asset editor for World /Game/SoulCity/Maps/LV_Soul_Slum_deleted.LV_Soul_Slum_deleted
[2020.03.18-01.23.00:583][224]LogUObjectHash: Compacting FUObjectHashTables data took   1.87ms
[2020.03.18-01.23.00:584][224]Cmd: MAP LOAD FILE="../../../../../../Users/lukas/Documents/GitHub/-Machinima-2020/MyProject/Content/SoulCity/Maps/LV_Soul_Slum_deleted.umap" TEMPLATE=0 SHOWPROGRESS=1 FEATURELEVEL=3
[2020.03.18-01.23.00:584][224]LightingResults: New page: Lighting Build
[2020.03.18-01.23.00:584][224]LoadErrors: New page: Loading map: LV_Soul_Slum_deleted.umap
[2020.03.18-01.23.00:585][224]LogWorld: UWorld::CleanupWorld for Untitled_1, bSessionEnded=true, bCleanupResources=true
[2020.03.18-01.23.00:585][224]MapCheck: New page: Map Check
[2020.03.18-01.23.00:585][224]LightingResults: New page: Lighting Build
[2020.03.18-01.23.00:607][224]LogUObjectHash: Compacting FUObjectHashTables data took   1.58ms
[2020.03.18-01.23.00:609][224]LogStreaming: Display: ULevelStreaming::RequestLevel(/Game/SoulCity/Maps/SLV_Soul_Slum_Collision) is flushing async loading
[2020.03.18-01.23.00:609][224]LogStreaming: Display: Flushing async loaders.
[2020.03.18-01.23.00:613][224]LogEditorServer: Finished looking for orphan Actors (0.000 secs)
[2020.03.18-01.23.00:635][224]LogUObjectHash: Compacting FUObjectHashTables data took   1.23ms
[2020.03.18-01.23.00:655][224]Cmd: MAP CHECKDEP NOCLEARLOG
[2020.03.18-01.23.00:655][224]MapCheck: Map check complete: 0 Error(s), 0 Warning(s), took 0.161ms to complete.
[2020.03.18-01.23.00:655][224]LogFileHelpers: Loading map 'LV_Soul_Slum_deleted' took 0.071
[2020.03.18-01.23.08:458][136]Cmd: EDIT COPY
[2020.03.18-01.23.09:806][289]LogLinker: Warning: While loading '../../../../../../Users/lukas/Documents/GitHub/-Machinima-2020/MyProject/Content/SoulCity/Maps/LV_Soul_Slum.umap' failed to load '/Game/SoulCity/Maps/LV_Soul_Slum_BuiltData': Can't find file.
[2020.03.18-01.23.09:806][289]LogLinker: Warning: While loading '../../../../../../Users/lukas/Documents/GitHub/-Machinima-2020/MyProject/Content/SoulCity/Maps/LV_Soul_Slum.umap' failed to load '/Game/SoulCity/Maps/LV_Soul_Slum_BuiltData': Can't find file.
[2020.03.18-01.23.10:393][289]LogLinker: Warning: While loading '../../../../../../Users/lukas/Documents/GitHub/-Machinima-2020/MyProject/Content/SoulCity/Maps/LV_Soul_Slum.umap' failed to load '/Game/SoulCity/Maps/LV_Soul_Slum_BuiltData': Can't find file.
[2020.03.18-01.23.10:394][289]LogLinker: Warning: While loading '../../../../../../Users/lukas/Documents/GitHub/-Machinima-2020/MyProject/Content/SoulCity/Maps/LV_Soul_Slum.umap' failed to load '/Game/SoulCity/Maps/LV_Soul_Slum_BuiltData': Can't find file.
[2020.03.18-01.23.10:442][289]LogLinker: Warning: Failed to load '/Game/SoulCity/Maps/LV_Soul_Slum_BuiltData': Can't find file.
[2020.03.18-01.23.10:443][289]LogLinker: Warning: Failed to load '/Game/SoulCity/Maps/LV_Soul_Slum_BuiltData': Can't find file.
[2020.03.18-01.23.10:443][289]LogLinker: Warning: Failed to load '/Game/SoulCity/Maps/LV_Soul_Slum_BuiltData': Can't find file.
[2020.03.18-01.23.10:443][289]LogLinker: Warning: Failed to load '/Game/SoulCity/Maps/LV_Soul_Slum_BuiltData': Can't find file.
[2020.03.18-01.23.10:680][289]LogLinker: Warning: While loading '../../../../../../Users/lukas/Documents/GitHub/-Machinima-2020/MyProject/Content/SoulCity/Maps/LV_Soul_Slum.umap' failed to load '/Game/SoulCity/Maps/LV_Soul_Slum_BuiltData': Can't find file.
[2020.03.18-01.23.10:680][289]LoadErrors: Failed to load /Game/SoulCity/Maps/LV_Soul_Slum_BuiltData.LV_Soul_Slum_BuiltData Referenced by PersistentLevel
[2020.03.18-01.23.10:680][289]LogLinker: Warning: While loading '../../../../../../Users/lukas/Documents/GitHub/-Machinima-2020/MyProject/Content/SoulCity/Maps/LV_Soul_Slum.umap' failed to load '/Game/SoulCity/Maps/LV_Soul_Slum_BuiltData': Can't find file.
[2020.03.18-01.23.12:138][289]LogAIModule: Creating AISystem for world LV_Soul_Slum
[2020.03.18-01.23.12:262][289]LogAssetEditorManager: Opening Asset editor for World /Game/SoulCity/Maps/LV_Soul_Slum.LV_Soul_Slum
[2020.03.18-01.23.12:343][289]LogUObjectHash: Compacting FUObjectHashTables data took   2.18ms
[2020.03.18-01.23.12:344][289]Cmd: MAP LOAD FILE="../../../../../../Users/lukas/Documents/GitHub/-Machinima-2020/MyProject/Content/SoulCity/Maps/LV_Soul_Slum.umap" TEMPLATE=0 SHOWPROGRESS=1 FEATURELEVEL=3
[2020.03.18-01.23.12:344][289]LightingResults: New page: Lighting Build
[2020.03.18-01.23.12:344][289]LoadErrors: New page: Loading map: LV_Soul_Slum.umap
[2020.03.18-01.23.12:345][289]LogWorld: UWorld::CleanupWorld for LV_Soul_Slum_deleted, bSessionEnded=true, bCleanupResources=true
[2020.03.18-01.23.12:345][289]LogWorld: UWorld::CleanupWorld for SLV_Soul_Slum_Collision, bSessionEnded=true, bCleanupResources=true
[2020.03.18-01.23.12:345][289]MapCheck: New page: Map Check
[2020.03.18-01.23.12:345][289]LightingResults: New page: Lighting Build
[2020.03.18-01.23.12:371][289]LogUObjectHash: Compacting FUObjectHashTables data took   2.13ms
[2020.03.18-01.23.12:507][289]LogStreaming: Display: ULevelStreaming::RequestLevel(/Game/SoulCity/Maps/SLV_Soul_Slum_Collision) is flushing async loading
[2020.03.18-01.23.12:507][289]LogStreaming: Display: Flushing async loaders.
[2020.03.18-01.23.12:518][289]LogEditorServer: Finished looking for orphan Actors (0.000 secs)
[2020.03.18-01.23.12:620][289]LogUObjectHash: Compacting FUObjectHashTables data took   1.68ms
[2020.03.18-01.23.12:620][289]MapCheck: Repaired painted vertex colors in 0.0s for 124 components in /Game/SoulCity/Maps/LV_Soul_Slum.  Resave map to fix. 
[2020.03.18-01.23.12:620][289]MapCheck: Warning: Spent 0.0s repairing painted vertex colors due to static mesh re-imports!  This will happen every load until the maps are resaved. 
[2020.03.18-01.23.12:638][289]Cmd: MAP CHECKDEP NOCLEARLOG
[2020.03.18-01.23.12:639][289]MapCheck: Map check complete: 0 Error(s), 1 Warning(s), took 0.369ms to complete.
[2020.03.18-01.23.12:647][289]LogFileHelpers: Loading map 'LV_Soul_Slum' took 0.304
[2020.03.18-01.23.13:605][299]LogUObjectHash: Compacting FUObjectHashTables data took   0.70ms
[2020.03.18-01.23.14:807][404]LogSlate: Window 'Message Log' being destroyed
[2020.03.18-01.23.14:810][404]LogSlate: Window 'Message Log' being destroyed
[2020.03.18-01.23.15:912][503]LogEditorViewport: Clicking on Actor (context menu): StaticMeshActor (temp_13_opt)
[2020.03.18-01.23.15:963][503]LogSlate: FSceneViewport::OnFocusLost() reason 5
[2020.03.18-01.23.18:620][815]Cmd: EDIT PASTE
[2020.03.18-01.23.19:607][886]Cmd: CAMERA ALIGN ACTIVEVIEWPORTONLY
[2020.03.18-01.23.43:468][691]LogEditorViewport: Clicking on Actor (LMB): StaticMeshActor (Campfire_FBX_woods_and_ground2)
[2020.03.18-01.23.45:107][884]LogEditorViewport: Clicking on Actor (LMB): Emitter (P_BlowDetails_8)
[2020.03.18-01.23.48:160][242]LogSlate: FSceneViewport::OnFocusLost() reason 0
[2020.03.18-01.24.09:741][792]LogSlate: FSceneViewport::OnFocusLost() reason 0
[2020.03.18-01.24.13:440][235]Cmd: TRANSACTION UNDO
[2020.03.18-01.24.13:440][235]LogEditorTransaction: Undo Edit Attenuation Radius
[2020.03.18-01.24.17:147][666]Cmd: TRANSACTION UNDO
[2020.03.18-01.24.17:147][666]LogEditorTransaction: Undo Edit Intensity
[2020.03.18-01.24.19:752][963]Cmd: TRANSACTION UNDO
[2020.03.18-01.24.19:752][963]LogEditorTransaction: Undo Clicking on Actors
[2020.03.18-01.24.29:195][ 51]Cmd: TRANSACTION UNDO
[2020.03.18-01.24.29:195][ 51]LogEditorTransaction: Undo Edit Source Length
[2020.03.18-01.24.32:810][458]LogSlate: FSceneViewport::OnFocusLost() reason 0
[2020.03.18-01.24.34:520][662]Cmd: TRANSACTION UNDO
[2020.03.18-01.24.34:520][662]LogEditorTransaction: Undo Edit Temperature
[2020.03.18-01.24.47:672][227]Cmd: TRANSACTION UNDO
[2020.03.18-01.24.47:672][227]LogEditorTransaction: Undo Edit Indirect Lighting Intensity
[2020.03.18-01.24.49:683][461]Cmd: TRANSACTION UNDO
[2020.03.18-01.24.49:683][461]LogEditorTransaction: Undo Edit Volumetric Scattering Intensity
[2020.03.18-01.25.33:078][639]LogSlate: FSceneViewport::OnFocusLost() reason 0
[2020.03.18-01.25.37:778][199]Cmd: TRANSACTION UNDO
[2020.03.18-01.25.37:778][199]LogEditorTransaction: Undo Edit Attenuation Radius
[2020.03.18-01.25.39:371][368]Cmd: TRANSACTION UNDO
[2020.03.18-01.25.39:371][368]LogEditorTransaction: Undo Edit Intensity
[2020.03.18-01.25.46:985][235]LogEditorViewport: Clicking on Actor (LMB): PointLight (PointLight20)
[2020.03.18-01.25.49:030][476]LogSlate: FSceneViewport::OnFocusLost() reason 0
[2020.03.18-01.25.52:065][836]Cmd: TRANSACTION UNDO
[2020.03.18-01.25.52:065][836]LogEditorTransaction: Undo Edit Attenuation Radius
[2020.03.18-01.25.53:642][994]LogSlate: FSceneViewport::OnFocusLost() reason 0
[2020.03.18-01.25.54:934][149]Cmd: TRANSACTION UNDO
[2020.03.18-01.25.54:934][149]LogEditorTransaction: Undo Edit Source Radius
[2020.03.18-01.26.19:977][119]LogEditorViewport: Clicking on Actor (LMB): StaticMeshActor (SM_SkySphere_Cloudy)
[2020.03.18-01.26.31:908][477]LogEditorViewport: Clicking on Actor (LMB): Emitter (P_BlowDetails_8)
[2020.03.18-01.26.33:156][618]LogEditorViewport: Clicking on Actor (LMB): Emitter (P_BlowDetails_8)
[2020.03.18-01.26.33:594][667]LogEditorViewport: Clicking on Actor (LMB): Emitter (P_BlowDetails_8)
[2020.03.18-01.26.34:009][714]LogEditorViewport: Clicking on Actor (LMB): StaticMeshActor (Campfire_FBX_Rocks2)
[2020.03.18-01.26.34:519][770]LogEditorViewport: Clicking on Actor (LMB): Emitter (P_BlowDetails_8)
[2020.03.18-01.26.35:072][832]LogEditorViewport: Clicking on Actor (LMB): Emitter (P_BlowDetails_8)
[2020.03.18-01.26.38:231][186]LogEditorViewport: Clicking on Actor (LMB): Emitter (P_BlowDetails_8)
[2020.03.18-01.26.41:077][511]LogEditorViewport: Clicking on Actor (LMB): Emitter (P_BlowDetails_8)
[2020.03.18-01.26.51:933][783]LogEditorViewport: Clicking on Actor (LMB): Emitter (P_BlowDetails_8)
[2020.03.18-01.26.52:450][843]LogEditorViewport: Clicking on Actor (LMB): Emitter (P_BlowDetails_8)
[2020.03.18-01.26.52:651][865]LogEditorViewport: Clicking on Component (LMB): ParticleSystemComponent (ParticleSystemComponent0)
[2020.03.18-01.26.52:887][891]LogEditorViewport: Clicking on Component (LMB): ParticleSystemComponent (ParticleSystemComponent0)
[2020.03.18-01.26.53:479][960]LogEditorViewport: Clicking on Component (LMB): ParticleSystemComponent (ParticleSystemComponent0)
[2020.03.18-01.26.54:413][ 70]LogSlate: FSceneViewport::OnFocusLost() reason 0
[2020.03.18-01.27.04:553][266]LogEditorViewport: Clicking on Actor (LMB): StaticMeshActor (SM_SkySphere_Cloudy)
[2020.03.18-01.27.15:234][523]LogSlate: FSceneViewport::OnFocusLost() reason 0
[2020.03.18-01.27.21:162][158]LogSlate: FSceneViewport::OnFocusLost() reason 0
[2020.03.18-01.27.49:260][510]LogEditorViewport: Clicking on Actor (LMB): StaticMeshActor (SM_SkySphere_Cloudy)
[2020.03.18-01.27.58:591][570]LogEditorViewport: Clicking on Actor (LMB): PointLight (PointLight18)
[2020.03.18-01.28.02:050][979]Cmd: CAMERA ALIGN ACTIVEVIEWPORTONLY
[2020.03.18-01.28.56:386][ 55]LogSlate: FSceneViewport::OnFocusLost() reason 0
[2020.03.18-01.29.13:516][107]LogEditorSessionSummary: EditorSessionSummary sent report. Type=Shutdown, SessionId={6C8E0CA7-4A2B-4AF7-3E30-558D9FB66793}
[2020.03.18-01.30.00:929][655]LogSlate: FSceneViewport::OnFocusLost() reason 0
[2020.03.18-01.31.59:473][707]LogEditorViewport: Clicking on Actor (LMB): PointLight (PointLight20)
[2020.03.18-01.32.22:489][230]LogSlate: FSceneViewport::OnFocusLost() reason 5
[2020.03.18-01.32.24:588][481]LogSlate: FSceneViewport::OnFocusLost() reason 5
[2020.03.18-01.32.24:621][481]LogUObjectHash: Compacting FUObjectHashTables data took   1.92ms
[2020.03.18-01.32.26:076][481]LogSavePackage: Moving '../../../../../../Users/lukas/Documents/GitHub/-Machinima-2020/MyProject/Saved/LV_Soul_Slum479EE1EC42F6D8144A8B7F8FE09BD57E.tmp' to '../../../../../../Users/lukas/Documents/GitHub/-Machinima-2020/MyProject/Content/SoulCity/Maps/LV_Soul_Slum.umap'
[2020.03.18-01.32.32:933][282]LogSlate: FSceneViewport::OnFocusLost() reason 0
